<?xml version="1.0" encoding="UTF-8"?>
<robot generator="Robot 7.4.1 (Python 3.14.2 on win32)" generated="2026-01-30T12:56:16.453006" rpa="false" schemaversion="5">
<suite id="s1" name="MasterAgentManagement" source="C:\Users\Urvashi\PycharmProjects\RobotFrameworks\automation admin\MasterAgentManagement.robot">
<kw name="Run Keywords" owner="BuiltIn" type="SETUP">
<kw name="Login Once As Admin" owner="resource">
<kw name="Evaluate" owner="BuiltIn">
<msg time="2026-01-30T12:56:17.162768" level="INFO">====== WebDriver manager ======</msg>
<msg time="2026-01-30T12:56:18.974987" level="INFO">Get LATEST chromedriver version for google-chrome</msg>
<msg time="2026-01-30T12:56:19.783872" level="INFO">Get LATEST chromedriver version for google-chrome</msg>
<msg time="2026-01-30T12:56:20.655111" level="INFO">Driver [C:\Users\Urvashi\.wdm\drivers\chromedriver\win64\144.0.7559.109\chromedriver-win32/chromedriver.exe] found in cache</msg>
<msg time="2026-01-30T12:56:20.655548" level="INFO">${driver_path} = C:\Users\Urvashi\.wdm\drivers\chromedriver\win64\144.0.7559.109\chromedriver-win32/chromedriver.exe</msg>
<var>${driver_path}</var>
<arg>__import__('webdriver_manager.chrome', fromlist=['ChromeDriverManager']).ChromeDriverManager().install()</arg>
<doc>Evaluates the given expression in Python and returns the result.</doc>
<status status="PASS" start="2026-01-30T12:56:17.061505" elapsed="3.594096"/>
</kw>
<kw name="Evaluate" owner="BuiltIn">
<msg time="2026-01-30T12:56:20.656789" level="INFO">${service} = &lt;selenium.webdriver.chrome.service.Service object at 0x000001F1B8E2AF90&gt;</msg>
<var>${service}</var>
<arg>__import__('selenium.webdriver.chrome.service', fromlist=['Service']).Service(r'${driver_path}')</arg>
<doc>Evaluates the given expression in Python and returns the result.</doc>
<status status="PASS" start="2026-01-30T12:56:20.655824" elapsed="0.001019"/>
</kw>
<kw name="Evaluate" owner="BuiltIn">
<msg time="2026-01-30T12:56:20.657833" level="INFO">${options} = &lt;selenium.webdriver.chrome.options.Options object at 0x000001F1B8E2B0E0&gt;</msg>
<var>${options}</var>
<arg>sys.modules['selenium.webdriver'].ChromeOptions()</arg>
<arg>sys, selenium.webdriver</arg>
<doc>Evaluates the given expression in Python and returns the result.</doc>
<status status="PASS" start="2026-01-30T12:56:20.657039" elapsed="0.000875"/>
</kw>
<kw name="Create Dictionary" owner="BuiltIn">
<msg time="2026-01-30T12:56:20.659248" level="INFO">${prefs} = {'credentials_enable_service': False, 'profile.password_manager_enabled': False, 'password_manager_leak_detection': False}</msg>
<var>${prefs}</var>
<arg>credentials_enable_service=${False}</arg>
<arg>profile.password_manager_enabled=${False}</arg>
<arg>password_manager_leak_detection=${False}</arg>
<doc>Creates and returns a dictionary based on the given ``items``.</doc>
<status status="PASS" start="2026-01-30T12:56:20.658205" elapsed="0.001119"/>
</kw>
<kw name="Call Method" owner="BuiltIn">
<arg>${options}</arg>
<arg>add_experimental_option</arg>
<arg>prefs</arg>
<arg>${prefs}</arg>
<doc>Calls the named method of the given object with the provided arguments.</doc>
<status status="PASS" start="2026-01-30T12:56:20.659593" elapsed="0.000642"/>
</kw>
<kw name="Call Method" owner="BuiltIn">
<arg>${options}</arg>
<arg>add_argument</arg>
<arg>--disable-save-password-bubble</arg>
<doc>Calls the named method of the given object with the provided arguments.</doc>
<status status="PASS" start="2026-01-30T12:56:20.660484" elapsed="0.000585"/>
</kw>
<kw name="Call Method" owner="BuiltIn">
<arg>${options}</arg>
<arg>add_argument</arg>
<arg>--disable-gpu</arg>
<doc>Calls the named method of the given object with the provided arguments.</doc>
<status status="PASS" start="2026-01-30T12:56:20.661302" elapsed="0.000567"/>
</kw>
<kw name="Open Browser" owner="SeleniumLibrary">
<msg time="2026-01-30T12:56:20.662770" level="INFO">Opening browser 'chrome' to base url 'http://18.134.97.4/admin'.</msg>
<arg>${LOGIN_URL}</arg>
<arg>${BROWSER}</arg>
<arg>options=${options}</arg>
<arg>service=${service}</arg>
<doc>Opens a new browser instance to the optional ``url``.</doc>
<status status="PASS" start="2026-01-30T12:56:20.662165" elapsed="6.320021"/>
</kw>
<kw name="Maximize Browser Window" owner="SeleniumLibrary">
<doc>Maximizes current browser window.</doc>
<status status="PASS" start="2026-01-30T12:56:26.982521" elapsed="0.079693"/>
</kw>
<kw name="Set Selenium Speed" owner="SeleniumLibrary">
<arg>0.2 seconds</arg>
<doc>Sets the delay that is waited after each Selenium command.</doc>
<status status="PASS" start="2026-01-30T12:56:27.062511" elapsed="0.000519"/>
</kw>
<kw name="Wait Until Element Is Visible" owner="SeleniumLibrary">
<arg>css:input[type='email']</arg>
<arg>timeout=15s</arg>
<doc>Waits until the element ``locator`` is visible.</doc>
<status status="PASS" start="2026-01-30T12:56:27.063409" elapsed="0.432203"/>
</kw>
<kw name="Input Text" owner="SeleniumLibrary">
<msg time="2026-01-30T12:56:27.496610" level="INFO">Typing text 'admin123@yopmail.com' into text field 'css:input[type='email']'.</msg>
<arg>css:input[type='email']</arg>
<arg>${ADMIN_USER}</arg>
<doc>Types the given ``text`` into the text field identified by ``locator``.</doc>
<status status="PASS" start="2026-01-30T12:56:27.496144" elapsed="0.776856"/>
</kw>
<kw name="Input Password" owner="SeleniumLibrary">
<msg time="2026-01-30T12:56:28.273471" level="INFO">Typing password into text field 'css:input[type='password']'.</msg>
<msg time="2026-01-30T12:56:28.752248" level="INFO">Temporally setting log level to: NONE</msg>
<arg>css:input[type='password']</arg>
<arg>${ADMIN_PASS}</arg>
<doc>Types the given password into the text field identified by ``locator``.</doc>
<status status="PASS" start="2026-01-30T12:56:28.273205" elapsed="0.800311"/>
</kw>
<kw name="Click Button" owner="SeleniumLibrary">
<msg time="2026-01-30T12:56:29.074427" level="INFO">Clicking button 'css:button[type='submit']'.</msg>
<arg>css:button[type='submit']</arg>
<doc>Clicks the button identified by ``locator``.</doc>
<status status="PASS" start="2026-01-30T12:56:29.073915" elapsed="1.160049"/>
</kw>
<kw name="Sleep" owner="BuiltIn">
<msg time="2026-01-30T12:56:32.234919" level="INFO">Slept 2 seconds.</msg>
<arg>2s</arg>
<doc>Pauses the test executed for the given time.</doc>
<status status="PASS" start="2026-01-30T12:56:30.234303" elapsed="2.000807"/>
</kw>
<kw name="Run Keyword And Return Status" owner="BuiltIn">
<kw name="Wait Until Element Is Visible" owner="SeleniumLibrary">
<msg time="2026-01-30T12:56:37.797838" level="INFO" html="true">&lt;/td&gt;&lt;/tr&gt;&lt;tr&gt;&lt;td colspan="3"&gt;&lt;a href="selenium-screenshot-18.png"&gt;&lt;img src="selenium-screenshot-18.png" width="800px"&gt;&lt;/a&gt;</msg>
<msg time="2026-01-30T12:56:37.798197" level="FAIL">Element 'xpath://button[contains(text(), 'OK')]' not visible after 5 seconds.</msg>
<arg>xpath://button[contains(text(), 'OK')]</arg>
<arg>timeout=5s</arg>
<doc>Waits until the element ``locator`` is visible.</doc>
<status status="FAIL" start="2026-01-30T12:56:32.236202" elapsed="5.566555">Element 'xpath://button[contains(text(), 'OK')]' not visible after 5 seconds.</status>
</kw>
<msg time="2026-01-30T12:56:37.803182" level="INFO">${alert_present} = False</msg>
<var>${alert_present}</var>
<arg>Wait Until Element Is Visible</arg>
<arg>xpath://button[contains(text(), 'OK')]</arg>
<arg>timeout=5s</arg>
<doc>Runs the specified keyword and returns the status as a Boolean value.</doc>
<status status="PASS" start="2026-01-30T12:56:32.235439" elapsed="5.567852"/>
</kw>
<kw name="Run Keyword If" owner="BuiltIn">
<arg>${alert_present}</arg>
<arg>Click Button</arg>
<arg>xpath://button[contains(text(), 'OK')]</arg>
<doc>Runs the given keyword with the given arguments, if ``condition`` is true.</doc>
<status status="PASS" start="2026-01-30T12:56:37.803882" elapsed="0.000709"/>
</kw>
<kw name="Sleep" owner="BuiltIn">
<msg time="2026-01-30T12:56:38.806127" level="INFO">Slept 1 second.</msg>
<arg>1s</arg>
<doc>Pauses the test executed for the given time.</doc>
<status status="PASS" start="2026-01-30T12:56:37.804876" elapsed="1.001521"/>
</kw>
<kw name="Reload Page" owner="SeleniumLibrary">
<doc>Simulates user reloading page.</doc>
<status status="PASS" start="2026-01-30T12:56:38.806834" elapsed="1.137226"/>
</kw>
<kw name="Sleep" owner="BuiltIn">
<msg time="2026-01-30T12:56:40.945036" level="INFO">Slept 1 second.</msg>
<arg>1s</arg>
<doc>Pauses the test executed for the given time.</doc>
<status status="PASS" start="2026-01-30T12:56:39.944314" elapsed="1.000836"/>
</kw>
<kw name="Press Keys" owner="SeleniumLibrary">
<msg time="2026-01-30T12:56:40.945733" level="INFO">Sending key(s) ('ESC',) to page.</msg>
<msg time="2026-01-30T12:56:40.945837" level="INFO">Pressing special key ESCAPE to browser.</msg>
<msg time="2026-01-30T12:56:40.945896" level="INFO">Releasing special key ESCAPE.</msg>
<arg>None</arg>
<arg>ESC</arg>
<doc>Simulates the user pressing key(s) to an element or on the active browser.</doc>
<status status="PASS" start="2026-01-30T12:56:40.945329" elapsed="0.209029"/>
</kw>
<kw name="Sleep" owner="BuiltIn">
<msg time="2026-01-30T12:56:42.155204" level="INFO">Slept 1 second.</msg>
<arg>1s</arg>
<doc>Pauses the test executed for the given time.</doc>
<status status="PASS" start="2026-01-30T12:56:41.154613" elapsed="1.000716"/>
</kw>
<kw name="Wait Until Page Contains" owner="SeleniumLibrary">
<arg>Admin Dashboard</arg>
<arg>timeout=20s</arg>
<doc>Waits until ``text`` appears on the current page.</doc>
<status status="PASS" start="2026-01-30T12:56:42.155524" elapsed="0.214382"/>
</kw>
<doc>Logs into the admin panel and handles pop-ups.</doc>
<status status="PASS" start="2026-01-30T12:56:17.061170" elapsed="25.308881"/>
</kw>
<kw name="Navigate To Master Agent Management">
<kw name="Click Link" owner="SeleniumLibrary">
<msg time="2026-01-30T12:56:42.370751" level="INFO">Clicking link 'xpath://a[contains(text(), 'Master Agent Management')]'.</msg>
<arg>xpath://a[contains(text(), 'Master Agent Management')]</arg>
<doc>Clicks a link identified by ``locator``.</doc>
<status status="PASS" start="2026-01-30T12:56:42.370559" elapsed="0.689015"/>
</kw>
<kw name="Wait Until Page Contains" owner="SeleniumLibrary">
<arg>Master Agent Management</arg>
<arg>timeout=15s</arg>
<doc>Waits until ``text`` appears on the current page.</doc>
<status status="PASS" start="2026-01-30T12:56:43.059820" elapsed="0.213504"/>
</kw>
<doc>Navigates to the Master Agent Management page from the admin dashboard.</doc>
<status status="PASS" start="2026-01-30T12:56:42.370286" elapsed="0.903315"/>
</kw>
<arg>Login Once As Admin</arg>
<arg>Navigate To Master Agent Management</arg>
<doc>Executes all the given keywords in a sequence.</doc>
<status status="PASS" start="2026-01-30T12:56:17.059729" elapsed="26.214042"/>
</kw>
<test id="s1-t1" name="TC-01: Verify Master Agent Management Page Loads" line="38">
<kw name="Page Should Contain" owner="SeleniumLibrary">
<msg time="2026-01-30T12:56:43.696830" level="INFO">Current page contains text 'Master Agent Management'.</msg>
<arg>Master Agent Management</arg>
<doc>Verifies that current page contains ``text``.</doc>
<status status="PASS" start="2026-01-30T12:56:43.275446" elapsed="0.421560"/>
</kw>
<kw name="Wait Until Element Is Visible" owner="SeleniumLibrary">
<msg time="2026-01-30T12:56:54.389507" level="INFO" html="true">&lt;/td&gt;&lt;/tr&gt;&lt;tr&gt;&lt;td colspan="3"&gt;&lt;a href="selenium-screenshot-19.png"&gt;&lt;img src="selenium-screenshot-19.png" width="800px"&gt;&lt;/a&gt;</msg>
<msg time="2026-01-30T12:56:54.389667" level="FAIL">Element 'css:input[placeholder="Search By User Name"]' not visible after 10 seconds.</msg>
<arg>${SEARCH_INPUT}</arg>
<arg>timeout=10s</arg>
<doc>Waits until the element ``locator`` is visible.</doc>
<status status="FAIL" start="2026-01-30T12:56:43.697730" elapsed="10.693150">Element 'css:input[placeholder="Search By User Name"]' not visible after 10 seconds.</status>
</kw>
<kw name="Wait Until Element Is Visible" owner="SeleniumLibrary">
<arg>${STATUS_DROPDOWN}</arg>
<arg>timeout=10s</arg>
<doc>Waits until the element ``locator`` is visible.</doc>
<status status="NOT RUN" start="2026-01-30T12:56:54.391379" elapsed="0.000069"/>
</kw>
<kw name="Wait Until Element Is Visible" owner="SeleniumLibrary">
<arg>${TABLE_ROWS}</arg>
<arg>timeout=10s</arg>
<doc>Waits until the element ``locator`` is visible.</doc>
<status status="NOT RUN" start="2026-01-30T12:56:54.391910" elapsed="0.000090"/>
</kw>
<kw name="Run Keyword If Test Failed" owner="BuiltIn" type="TEARDOWN">
<kw name="Capture Page Screenshot" owner="SeleniumLibrary">
<msg time="2026-01-30T12:56:54.803492" level="INFO" html="true">&lt;/td&gt;&lt;/tr&gt;&lt;tr&gt;&lt;td colspan="3"&gt;&lt;a href="selenium-screenshot-20.png"&gt;&lt;img src="selenium-screenshot-20.png" width="800px"&gt;&lt;/a&gt;</msg>
<doc>Takes a screenshot of the current page and embeds it into a log file.</doc>
<status status="PASS" start="2026-01-30T12:56:54.393065" elapsed="0.410543"/>
</kw>
<arg>Capture Page Screenshot</arg>
<doc>Runs the given keyword with the given arguments, if the test failed.</doc>
<status status="PASS" start="2026-01-30T12:56:54.392622" elapsed="0.411117"/>
</kw>
<doc>Verify that the Master Agent Management page is loaded with all UI elements visible.</doc>
<status status="FAIL" start="2026-01-30T12:56:43.273959" elapsed="11.529986">Element 'css:input[placeholder="Search By User Name"]' not visible after 10 seconds.</status>
</test>
<test id="s1-t2" name="TC-02: Verify Agent Table Is Displayed" line="45">
<kw name="Element Should Be Visible" owner="SeleniumLibrary">
<msg time="2026-01-30T12:56:55.351760" level="INFO" html="true">&lt;/td&gt;&lt;/tr&gt;&lt;tr&gt;&lt;td colspan="3"&gt;&lt;a href="selenium-screenshot-21.png"&gt;&lt;img src="selenium-screenshot-21.png" width="800px"&gt;&lt;/a&gt;</msg>
<msg time="2026-01-30T12:56:55.351961" level="FAIL">Element with locator 'css:table.table' not found.</msg>
<arg>css:table.table</arg>
<doc>Verifies that the element identified by ``locator`` is visible.</doc>
<status status="FAIL" start="2026-01-30T12:56:54.805678" elapsed="0.549617">Element with locator 'css:table.table' not found.</status>
</kw>
<kw name="Page Should Contain Element" owner="SeleniumLibrary">
<var>${table_present}</var>
<arg>${TABLE_ROWS}</arg>
<doc>Verifies that element ``locator`` is found on the current page.</doc>
<status status="NOT RUN" start="2026-01-30T12:56:55.355755" elapsed="0.000050"/>
</kw>
<kw name="Should Not Be Empty" owner="BuiltIn">
<arg>${table_present}</arg>
<doc>Verifies that the given item is not empty.</doc>
<status status="NOT RUN" start="2026-01-30T12:56:55.356300" elapsed="0.000090"/>
</kw>
<kw name="Run Keyword If Test Failed" owner="BuiltIn" type="TEARDOWN">
<kw name="Capture Page Screenshot" owner="SeleniumLibrary">
<msg time="2026-01-30T12:56:55.695807" level="INFO" html="true">&lt;/td&gt;&lt;/tr&gt;&lt;tr&gt;&lt;td colspan="3"&gt;&lt;a href="selenium-screenshot-22.png"&gt;&lt;img src="selenium-screenshot-22.png" width="800px"&gt;&lt;/a&gt;</msg>
<doc>Takes a screenshot of the current page and embeds it into a log file.</doc>
<status status="PASS" start="2026-01-30T12:56:55.357665" elapsed="0.338247"/>
</kw>
<arg>Capture Page Screenshot</arg>
<doc>Runs the given keyword with the given arguments, if the test failed.</doc>
<status status="PASS" start="2026-01-30T12:56:55.357106" elapsed="0.338891"/>
</kw>
<doc>Verify that the agent table with rows is displayed on the page.</doc>
<status status="FAIL" start="2026-01-30T12:56:54.804846" elapsed="0.891422">Element with locator 'css:table.table' not found.</status>
</test>
<test id="s1-t3" name="TC-03: Verify Search Agent By Name Functionality" line="51">
<kw name="Search Agent By Name">
<kw name="Wait Until Element Is Visible" owner="SeleniumLibrary">
<msg time="2026-01-30T12:57:06.088300" level="INFO" html="true">&lt;/td&gt;&lt;/tr&gt;&lt;tr&gt;&lt;td colspan="3"&gt;&lt;a href="selenium-screenshot-23.png"&gt;&lt;img src="selenium-screenshot-23.png" width="800px"&gt;&lt;/a&gt;</msg>
<msg time="2026-01-30T12:57:06.088487" level="FAIL">Element 'css:input[placeholder="Search By User Name"]' not visible after 10 seconds.</msg>
<arg>${SEARCH_INPUT}</arg>
<arg>timeout=10s</arg>
<doc>Waits until the element ``locator`` is visible.</doc>
<status status="FAIL" start="2026-01-30T12:56:55.698229" elapsed="10.391247">Element 'css:input[placeholder="Search By User Name"]' not visible after 10 seconds.</status>
</kw>
<kw name="Input Text" owner="SeleniumLibrary">
<arg>${SEARCH_INPUT}</arg>
<arg>${agent_name}</arg>
<doc>Types the given ``text`` into the text field identified by ``locator``.</doc>
<status status="NOT RUN" start="2026-01-30T12:57:06.089694" elapsed="0.000050"/>
</kw>
<kw name="Sleep" owner="BuiltIn">
<arg>1s</arg>
<doc>Pauses the test executed for the given time.</doc>
<status status="NOT RUN" start="2026-01-30T12:57:06.089907" elapsed="0.000066"/>
</kw>
<arg>test</arg>
<doc>Searches for an agent by name in the search input field.</doc>
<status status="FAIL" start="2026-01-30T12:56:55.697900" elapsed="10.392269">Element 'css:input[placeholder="Search By User Name"]' not visible after 10 seconds.</status>
</kw>
<kw name="Wait Until Page Contains" owner="SeleniumLibrary">
<arg>test</arg>
<arg>timeout=10s</arg>
<doc>Waits until ``text`` appears on the current page.</doc>
<status status="NOT RUN" start="2026-01-30T12:57:06.090531" elapsed="0.000046"/>
</kw>
<kw name="Run Keyword If Test Failed" owner="BuiltIn" type="TEARDOWN">
<kw name="Capture Page Screenshot" owner="SeleniumLibrary">
<msg time="2026-01-30T12:57:06.433416" level="INFO" html="true">&lt;/td&gt;&lt;/tr&gt;&lt;tr&gt;&lt;td colspan="3"&gt;&lt;a href="selenium-screenshot-24.png"&gt;&lt;img src="selenium-screenshot-24.png" width="800px"&gt;&lt;/a&gt;</msg>
<doc>Takes a screenshot of the current page and embeds it into a log file.</doc>
<status status="PASS" start="2026-01-30T12:57:06.091498" elapsed="0.342039"/>
</kw>
<arg>Capture Page Screenshot</arg>
<doc>Runs the given keyword with the given arguments, if the test failed.</doc>
<status status="PASS" start="2026-01-30T12:57:06.091110" elapsed="0.342549"/>
</kw>
<doc>Verify the search functionality by searching for an agent by name.</doc>
<status status="FAIL" start="2026-01-30T12:56:55.697179" elapsed="10.736711">Element 'css:input[placeholder="Search By User Name"]' not visible after 10 seconds.</status>
</test>
<test id="s1-t4" name="TC-04: Verify Filter By Status - Active" line="56">
<kw name="Filter By Status">
<kw name="Wait Until Element Is Visible" owner="SeleniumLibrary">
<msg time="2026-01-30T12:57:17.137833" level="INFO" html="true">&lt;/td&gt;&lt;/tr&gt;&lt;tr&gt;&lt;td colspan="3"&gt;&lt;a href="selenium-screenshot-25.png"&gt;&lt;img src="selenium-screenshot-25.png" width="800px"&gt;&lt;/a&gt;</msg>
<msg time="2026-01-30T12:57:17.138021" level="FAIL">Element 'css:select.select-search' not visible after 10 seconds.</msg>
<arg>${STATUS_DROPDOWN}</arg>
<arg>timeout=10s</arg>
<doc>Waits until the element ``locator`` is visible.</doc>
<status status="FAIL" start="2026-01-30T12:57:06.435684" elapsed="10.703671">Element 'css:select.select-search' not visible after 10 seconds.</status>
</kw>
<kw name="Select From List By Label" owner="SeleniumLibrary">
<arg>${STATUS_DROPDOWN}</arg>
<arg>${status}</arg>
<doc>Selects options from selection list ``locator`` by ``labels``.</doc>
<status status="NOT RUN" start="2026-01-30T12:57:17.139612" elapsed="0.000053"/>
</kw>
<kw name="Sleep" owner="BuiltIn">
<arg>1s</arg>
<doc>Pauses the test executed for the given time.</doc>
<status status="NOT RUN" start="2026-01-30T12:57:17.139823" elapsed="0.000043"/>
</kw>
<arg>Active</arg>
<doc>Filters agents by their status (Active/Inactive).</doc>
<status status="FAIL" start="2026-01-30T12:57:06.435394" elapsed="10.704644">Element 'css:select.select-search' not visible after 10 seconds.</status>
</kw>
<kw name="Wait Until Page Contains Element" owner="SeleniumLibrary">
<arg>${STATUS_DROPDOWN}</arg>
<arg>timeout=10s</arg>
<doc>Waits until the element ``locator`` appears on the current page.</doc>
<status status="NOT RUN" start="2026-01-30T12:57:17.140416" elapsed="0.000094"/>
</kw>
<kw name="Reload Page" owner="SeleniumLibrary">
<doc>Simulates user reloading page.</doc>
<status status="NOT RUN" start="2026-01-30T12:57:17.140813" elapsed="0.000055"/>
</kw>
<kw name="Sleep" owner="BuiltIn">
<arg>1s</arg>
<doc>Pauses the test executed for the given time.</doc>
<status status="NOT RUN" start="2026-01-30T12:57:17.141146" elapsed="0.000056"/>
</kw>
<kw name="Run Keyword If Test Failed" owner="BuiltIn" type="TEARDOWN">
<kw name="Capture Page Screenshot" owner="SeleniumLibrary">
<msg time="2026-01-30T12:57:17.533023" level="INFO" html="true">&lt;/td&gt;&lt;/tr&gt;&lt;tr&gt;&lt;td colspan="3"&gt;&lt;a href="selenium-screenshot-26.png"&gt;&lt;img src="selenium-screenshot-26.png" width="800px"&gt;&lt;/a&gt;</msg>
<doc>Takes a screenshot of the current page and embeds it into a log file.</doc>
<status status="PASS" start="2026-01-30T12:57:17.142215" elapsed="0.390916"/>
</kw>
<arg>Capture Page Screenshot</arg>
<doc>Runs the given keyword with the given arguments, if the test failed.</doc>
<status status="PASS" start="2026-01-30T12:57:17.141798" elapsed="0.391421"/>
</kw>
<doc>Verify that filtering by Active status works correctly.</doc>
<status status="FAIL" start="2026-01-30T12:57:06.434755" elapsed="11.098720">Element 'css:select.select-search' not visible after 10 seconds.</status>
</test>
<test id="s1-t5" name="TC-05: Verify Filter By Status - Inactive" line="63">
<kw name="Filter By Status">
<kw name="Wait Until Element Is Visible" owner="SeleniumLibrary">
<msg time="2026-01-30T12:57:28.359133" level="INFO" html="true">&lt;/td&gt;&lt;/tr&gt;&lt;tr&gt;&lt;td colspan="3"&gt;&lt;a href="selenium-screenshot-27.png"&gt;&lt;img src="selenium-screenshot-27.png" width="800px"&gt;&lt;/a&gt;</msg>
<msg time="2026-01-30T12:57:28.359373" level="FAIL">Element 'css:select.select-search' not visible after 10 seconds.</msg>
<arg>${STATUS_DROPDOWN}</arg>
<arg>timeout=10s</arg>
<doc>Waits until the element ``locator`` is visible.</doc>
<status status="FAIL" start="2026-01-30T12:57:17.535926" elapsed="10.825259">Element 'css:select.select-search' not visible after 10 seconds.</status>
</kw>
<kw name="Select From List By Label" owner="SeleniumLibrary">
<arg>${STATUS_DROPDOWN}</arg>
<arg>${status}</arg>
<doc>Selects options from selection list ``locator`` by ``labels``.</doc>
<status status="NOT RUN" start="2026-01-30T12:57:28.361554" elapsed="0.000084"/>
</kw>
<kw name="Sleep" owner="BuiltIn">
<arg>1s</arg>
<doc>Pauses the test executed for the given time.</doc>
<status status="NOT RUN" start="2026-01-30T12:57:28.361864" elapsed="0.000063"/>
</kw>
<arg>Inactive</arg>
<doc>Filters agents by their status (Active/Inactive).</doc>
<status status="FAIL" start="2026-01-30T12:57:17.535590" elapsed="10.826558">Element 'css:select.select-search' not visible after 10 seconds.</status>
</kw>
<kw name="Wait Until Page Contains Element" owner="SeleniumLibrary">
<arg>${STATUS_DROPDOWN}</arg>
<arg>timeout=10s</arg>
<doc>Waits until the element ``locator`` appears on the current page.</doc>
<status status="NOT RUN" start="2026-01-30T12:57:28.362556" elapsed="0.000072"/>
</kw>
<kw name="Reload Page" owner="SeleniumLibrary">
<doc>Simulates user reloading page.</doc>
<status status="NOT RUN" start="2026-01-30T12:57:28.363053" elapsed="0.000076"/>
</kw>
<kw name="Sleep" owner="BuiltIn">
<arg>1s</arg>
<doc>Pauses the test executed for the given time.</doc>
<status status="NOT RUN" start="2026-01-30T12:57:28.363522" elapsed="0.000090"/>
</kw>
<kw name="Run Keyword If Test Failed" owner="BuiltIn" type="TEARDOWN">
<kw name="Capture Page Screenshot" owner="SeleniumLibrary">
<msg time="2026-01-30T12:57:28.742973" level="INFO" html="true">&lt;/td&gt;&lt;/tr&gt;&lt;tr&gt;&lt;td colspan="3"&gt;&lt;a href="selenium-screenshot-28.png"&gt;&lt;img src="selenium-screenshot-28.png" width="800px"&gt;&lt;/a&gt;</msg>
<doc>Takes a screenshot of the current page and embeds it into a log file.</doc>
<status status="PASS" start="2026-01-30T12:57:28.364800" elapsed="0.378354"/>
</kw>
<arg>Capture Page Screenshot</arg>
<doc>Runs the given keyword with the given arguments, if the test failed.</doc>
<status status="PASS" start="2026-01-30T12:57:28.364229" elapsed="0.379153"/>
</kw>
<doc>Verify that filtering by Inactive status works correctly.</doc>
<status status="FAIL" start="2026-01-30T12:57:17.534495" elapsed="11.209220">Element 'css:select.select-search' not visible after 10 seconds.</status>
</test>
<test id="s1-t6" name="TC-06: Verify Add Agent Button Is Present" line="70">
<kw name="Wait Until Element Is Visible" owner="SeleniumLibrary">
<msg time="2026-01-30T12:57:39.452345" level="INFO" html="true">&lt;/td&gt;&lt;/tr&gt;&lt;tr&gt;&lt;td colspan="3"&gt;&lt;a href="selenium-screenshot-29.png"&gt;&lt;img src="selenium-screenshot-29.png" width="800px"&gt;&lt;/a&gt;</msg>
<msg time="2026-01-30T12:57:39.452600" level="FAIL">Element 'css:button.blue-btn' not visible after 10 seconds.</msg>
<arg>${ADD_AGENT_BTN}</arg>
<arg>timeout=10s</arg>
<doc>Waits until the element ``locator`` is visible.</doc>
<status status="FAIL" start="2026-01-30T12:57:28.745479" elapsed="10.708988">Element 'css:button.blue-btn' not visible after 10 seconds.</status>
</kw>
<kw name="Element Should Be Enabled" owner="SeleniumLibrary">
<arg>${ADD_AGENT_BTN}</arg>
<doc>Verifies that element identified by ``locator`` is enabled.</doc>
<status status="NOT RUN" start="2026-01-30T12:57:39.455031" elapsed="0.000062"/>
</kw>
<kw name="Run Keyword If Test Failed" owner="BuiltIn" type="TEARDOWN">
<kw name="Capture Page Screenshot" owner="SeleniumLibrary">
<msg time="2026-01-30T12:57:39.857678" level="INFO" html="true">&lt;/td&gt;&lt;/tr&gt;&lt;tr&gt;&lt;td colspan="3"&gt;&lt;a href="selenium-screenshot-30.png"&gt;&lt;img src="selenium-screenshot-30.png" width="800px"&gt;&lt;/a&gt;</msg>
<doc>Takes a screenshot of the current page and embeds it into a log file.</doc>
<status status="PASS" start="2026-01-30T12:57:39.456142" elapsed="0.401649"/>
</kw>
<arg>Capture Page Screenshot</arg>
<doc>Runs the given keyword with the given arguments, if the test failed.</doc>
<status status="PASS" start="2026-01-30T12:57:39.455644" elapsed="0.402241"/>
</kw>
<doc>Verify that the Add Agent button is visible and clickable.</doc>
<status status="FAIL" start="2026-01-30T12:57:28.744620" elapsed="11.113488">Element 'css:button.blue-btn' not visible after 10 seconds.</status>
</test>
<test id="s1-t7" name="TC-07: Verify Search Field Accepts Input" line="75">
<kw name="Wait Until Element Is Visible" owner="SeleniumLibrary">
<msg time="2026-01-30T12:57:50.539427" level="INFO" html="true">&lt;/td&gt;&lt;/tr&gt;&lt;tr&gt;&lt;td colspan="3"&gt;&lt;a href="selenium-screenshot-31.png"&gt;&lt;img src="selenium-screenshot-31.png" width="800px"&gt;&lt;/a&gt;</msg>
<msg time="2026-01-30T12:57:50.539564" level="FAIL">Element 'css:input[placeholder="Search By User Name"]' not visible after 10 seconds.</msg>
<arg>${SEARCH_INPUT}</arg>
<arg>timeout=10s</arg>
<doc>Waits until the element ``locator`` is visible.</doc>
<status status="FAIL" start="2026-01-30T12:57:39.860249" elapsed="10.680227">Element 'css:input[placeholder="Search By User Name"]' not visible after 10 seconds.</status>
</kw>
<kw name="Input Text" owner="SeleniumLibrary">
<arg>${SEARCH_INPUT}</arg>
<arg>TestAgent123</arg>
<doc>Types the given ``text`` into the text field identified by ``locator``.</doc>
<status status="NOT RUN" start="2026-01-30T12:57:50.540896" elapsed="0.000046"/>
</kw>
<kw name="Sleep" owner="BuiltIn">
<arg>1s</arg>
<doc>Pauses the test executed for the given time.</doc>
<status status="NOT RUN" start="2026-01-30T12:57:50.541256" elapsed="0.000042"/>
</kw>
<kw name="Get Value" owner="SeleniumLibrary">
<var>${value}</var>
<arg>${SEARCH_INPUT}</arg>
<doc>Returns the value attribute of the element identified by ``locator``.</doc>
<status status="NOT RUN" start="2026-01-30T12:57:50.541623" elapsed="0.000062"/>
</kw>
<kw name="Should Contain" owner="BuiltIn">
<arg>${value}</arg>
<arg>TestAgent123</arg>
<doc>Fails if ``container`` does not contain ``item`` one or more times.</doc>
<status status="NOT RUN" start="2026-01-30T12:57:50.541907" elapsed="0.000040"/>
</kw>
<kw name="Run Keyword If Test Failed" owner="BuiltIn" type="TEARDOWN">
<kw name="Capture Page Screenshot" owner="SeleniumLibrary">
<msg time="2026-01-30T12:57:50.913423" level="INFO" html="true">&lt;/td&gt;&lt;/tr&gt;&lt;tr&gt;&lt;td colspan="3"&gt;&lt;a href="selenium-screenshot-32.png"&gt;&lt;img src="selenium-screenshot-32.png" width="800px"&gt;&lt;/a&gt;</msg>
<doc>Takes a screenshot of the current page and embeds it into a log file.</doc>
<status status="PASS" start="2026-01-30T12:57:50.542736" elapsed="0.370806"/>
</kw>
<arg>Capture Page Screenshot</arg>
<doc>Runs the given keyword with the given arguments, if the test failed.</doc>
<status status="PASS" start="2026-01-30T12:57:50.542374" elapsed="0.371269"/>
</kw>
<doc>Verify that the search input field accepts text input.</doc>
<status status="FAIL" start="2026-01-30T12:57:39.859139" elapsed="11.054781">Element 'css:input[placeholder="Search By User Name"]' not visible after 10 seconds.</status>
</test>
<test id="s1-t8" name="TC-08: Verify Page Has Required Elements" line="83">
<kw name="Page Should Contain Element" owner="SeleniumLibrary">
<msg time="2026-01-30T12:57:51.666621" level="INFO" html="true">&lt;/td&gt;&lt;/tr&gt;&lt;tr&gt;&lt;td colspan="3"&gt;&lt;a href="selenium-screenshot-33.png"&gt;&lt;img src="selenium-screenshot-33.png" width="800px"&gt;&lt;/a&gt;</msg>
<msg time="2026-01-30T12:57:51.666795" level="FAIL">Page should have contained element 'css:table.table' but did not.</msg>
<arg>css:table.table</arg>
<doc>Verifies that element ``locator`` is found on the current page.</doc>
<status status="FAIL" start="2026-01-30T12:57:50.915600" elapsed="0.752968">Page should have contained element 'css:table.table' but did not.</status>
</kw>
<kw name="Page Should Contain Element" owner="SeleniumLibrary">
<arg>${SEARCH_INPUT}</arg>
<doc>Verifies that element ``locator`` is found on the current page.</doc>
<status status="NOT RUN" start="2026-01-30T12:57:51.669026" elapsed="0.000054"/>
</kw>
<kw name="Page Should Contain Element" owner="SeleniumLibrary">
<arg>${STATUS_DROPDOWN}</arg>
<doc>Verifies that element ``locator`` is found on the current page.</doc>
<status status="NOT RUN" start="2026-01-30T12:57:51.669464" elapsed="0.000052"/>
</kw>
<kw name="Page Should Contain Element" owner="SeleniumLibrary">
<arg>${ADD_AGENT_BTN}</arg>
<doc>Verifies that element ``locator`` is found on the current page.</doc>
<status status="NOT RUN" start="2026-01-30T12:57:51.669844" elapsed="0.000066"/>
</kw>
<kw name="Run Keyword If Test Failed" owner="BuiltIn" type="TEARDOWN">
<kw name="Capture Page Screenshot" owner="SeleniumLibrary">
<msg time="2026-01-30T12:57:52.072707" level="INFO" html="true">&lt;/td&gt;&lt;/tr&gt;&lt;tr&gt;&lt;td colspan="3"&gt;&lt;a href="selenium-screenshot-34.png"&gt;&lt;img src="selenium-screenshot-34.png" width="800px"&gt;&lt;/a&gt;</msg>
<doc>Takes a screenshot of the current page and embeds it into a log file.</doc>
<status status="PASS" start="2026-01-30T12:57:51.670717" elapsed="0.402221"/>
</kw>
<arg>Capture Page Screenshot</arg>
<doc>Runs the given keyword with the given arguments, if the test failed.</doc>
<status status="PASS" start="2026-01-30T12:57:51.670355" elapsed="0.402774"/>
</kw>
<doc>Verify that the page contains all critical elements for agent management.</doc>
<status status="FAIL" start="2026-01-30T12:57:50.914895" elapsed="1.158551">Page should have contained element 'css:table.table' but did not.</status>
</test>
<kw name="Safe Close Browser" owner="resource" type="TEARDOWN">
<kw name="Delete All Cookies" owner="SeleniumLibrary">
<doc>Deletes all cookies.</doc>
<status status="PASS" start="2026-01-30T12:57:52.075140" elapsed="0.216164"/>
</kw>
<kw name="Close Browser" owner="SeleniumLibrary">
<doc>Closes the current browser.</doc>
<status status="PASS" start="2026-01-30T12:57:52.291581" elapsed="2.422866"/>
</kw>
<doc>Closes the browser while trying to prevent the ProactorBasePipeTransport error.</doc>
<status status="PASS" start="2026-01-30T12:57:52.074893" elapsed="2.639720"/>
</kw>
<status status="FAIL" start="2026-01-30T12:56:16.456310" elapsed="98.258360"/>
</suite>
<statistics>
<total>
<stat pass="0" fail="8" skip="0">All Tests</stat>
</total>
<tag>
</tag>
<suite>
<stat name="MasterAgentManagement" id="s1" pass="0" fail="8" skip="0">MasterAgentManagement</stat>
</suite>
</statistics>
<errors>
</errors>
</robot>
