<?xml version="1.0" encoding="UTF-8"?>
<robot generator="Robot 7.4.1 (Python 3.14.2 on win32)" generated="2026-01-23T14:35:51.033921" rpa="false" schemaversion="5">
<suite id="s1" name="RobotFrameworks" source="C:\Users\Urvashi\PycharmProjects\RobotFrameworks">
<suite id="s1-s1" name="Automation Admin" source="C:\Users\Urvashi\PycharmProjects\RobotFrameworks\automation admin">
<suite id="s1-s1-s1" name="AdminDashboard" source="C:\Users\Urvashi\PycharmProjects\RobotFrameworks\automation admin\AdminDashboard.robot">
<kw name="Login Once As Admin" owner="resource" type="SETUP">
<kw name="Evaluate" owner="BuiltIn">
<msg time="2026-01-23T14:35:51.287947" level="INFO">${options} = &lt;selenium.webdriver.chrome.options.Options object at 0x0000029482D81940&gt;</msg>
<var>${options}</var>
<arg>sys.modules['selenium.webdriver'].ChromeOptions()</arg>
<arg>sys, selenium.webdriver</arg>
<doc>Evaluates the given expression in Python and returns the result.</doc>
<status status="PASS" start="2026-01-23T14:35:51.287208" elapsed="0.000934"/>
</kw>
<kw name="Create Dictionary" owner="BuiltIn">
<msg time="2026-01-23T14:35:51.289159" level="INFO">${prefs} = {'credentials_enable_service': False, 'profile.password_manager_enabled': False, 'password_manager_leak_detection': False}</msg>
<var>${prefs}</var>
<arg>credentials_enable_service=${False}</arg>
<arg>profile.password_manager_enabled=${False}</arg>
<arg>password_manager_leak_detection=${False}</arg>
<doc>Creates and returns a dictionary based on the given ``items``.</doc>
<status status="PASS" start="2026-01-23T14:35:51.288390" elapsed="0.001162"/>
</kw>
<kw name="Call Method" owner="BuiltIn">
<arg>${options}</arg>
<arg>add_experimental_option</arg>
<arg>prefs</arg>
<arg>${prefs}</arg>
<doc>Calls the named method of the given object with the provided arguments.</doc>
<status status="PASS" start="2026-01-23T14:35:51.289789" elapsed="0.000818"/>
</kw>
<kw name="Call Method" owner="BuiltIn">
<arg>${options}</arg>
<arg>add_argument</arg>
<arg>--disable-save-password-bubble</arg>
<doc>Calls the named method of the given object with the provided arguments.</doc>
<status status="PASS" start="2026-01-23T14:35:51.290889" elapsed="0.000621"/>
</kw>
<kw name="Call Method" owner="BuiltIn">
<arg>${options}</arg>
<arg>add_argument</arg>
<arg>--disable-gpu</arg>
<doc>Calls the named method of the given object with the provided arguments.</doc>
<status status="PASS" start="2026-01-23T14:35:51.291758" elapsed="0.000592"/>
</kw>
<kw name="Open Browser" owner="SeleniumLibrary">
<msg time="2026-01-23T14:35:51.293293" level="INFO">Opening browser 'chrome' to base url 'http://18.134.97.4/admin'.</msg>
<arg>${LOGIN_URL}</arg>
<arg>${BROWSER}</arg>
<arg>options=${options}</arg>
<doc>Opens a new browser instance to the optional ``url``.</doc>
<status status="PASS" start="2026-01-23T14:35:51.292697" elapsed="5.899495"/>
</kw>
<kw name="Maximize Browser Window" owner="SeleniumLibrary">
<doc>Maximizes current browser window.</doc>
<status status="PASS" start="2026-01-23T14:35:57.192487" elapsed="0.039214"/>
</kw>
<kw name="Set Selenium Speed" owner="SeleniumLibrary">
<arg>0.2 seconds</arg>
<doc>Sets the delay that is waited after each Selenium command.</doc>
<status status="PASS" start="2026-01-23T14:35:57.232045" elapsed="0.000608"/>
</kw>
<kw name="Wait Until Element Is Visible" owner="SeleniumLibrary">
<arg>css:input[type='email']</arg>
<arg>timeout=15s</arg>
<doc>Waits until the element ``locator`` is visible.</doc>
<status status="PASS" start="2026-01-23T14:35:57.233001" elapsed="0.429209"/>
</kw>
<kw name="Input Text" owner="SeleniumLibrary">
<msg time="2026-01-23T14:35:57.662896" level="INFO">Typing text 'admin123@yopmail.com' into text field 'css:input[type='email']'.</msg>
<arg>css:input[type='email']</arg>
<arg>${ADMIN_USER}</arg>
<doc>Types the given ``text`` into the text field identified by ``locator``.</doc>
<status status="PASS" start="2026-01-23T14:35:57.662475" elapsed="0.726632"/>
</kw>
<kw name="Input Password" owner="SeleniumLibrary">
<msg time="2026-01-23T14:35:58.389768" level="INFO">Typing password into text field 'css:input[type='password']'.</msg>
<msg time="2026-01-23T14:35:58.828934" level="INFO">Temporally setting log level to: NONE</msg>
<arg>css:input[type='password']</arg>
<arg>${ADMIN_PASS}</arg>
<doc>Types the given password into the text field identified by ``locator``.</doc>
<status status="PASS" start="2026-01-23T14:35:58.389382" elapsed="0.691569"/>
</kw>
<kw name="Click Button" owner="SeleniumLibrary">
<msg time="2026-01-23T14:35:59.081573" level="INFO">Clicking button 'css:button[type='submit']'.</msg>
<arg>css:button[type='submit']</arg>
<doc>Clicks the button identified by ``locator``.</doc>
<status status="PASS" start="2026-01-23T14:35:59.081198" elapsed="1.113858"/>
</kw>
<kw name="Sleep" owner="BuiltIn">
<msg time="2026-01-23T14:36:03.195941" level="INFO">Slept 3 seconds.</msg>
<arg>3s</arg>
<doc>Pauses the test executed for the given time.</doc>
<status status="PASS" start="2026-01-23T14:36:00.195309" elapsed="3.000971"/>
</kw>
<kw name="Reload Page" owner="SeleniumLibrary">
<doc>Simulates user reloading page.</doc>
<status status="PASS" start="2026-01-23T14:36:03.196580" elapsed="0.644309"/>
</kw>
<kw name="Sleep" owner="BuiltIn">
<msg time="2026-01-23T14:36:04.842044" level="INFO">Slept 1 second.</msg>
<arg>1s</arg>
<doc>Pauses the test executed for the given time.</doc>
<status status="PASS" start="2026-01-23T14:36:03.841135" elapsed="1.001445"/>
</kw>
<kw name="Press Keys" owner="SeleniumLibrary">
<msg time="2026-01-23T14:36:04.843544" level="INFO">Sending key(s) ('ESC',) to page.</msg>
<msg time="2026-01-23T14:36:04.844056" level="INFO">Pressing special key ESCAPE to browser.</msg>
<msg time="2026-01-23T14:36:04.844310" level="INFO">Releasing special key ESCAPE.</msg>
<arg>None</arg>
<arg>ESC</arg>
<doc>Simulates the user pressing key(s) to an element or on the active browser.</doc>
<status status="PASS" start="2026-01-23T14:36:04.842924" elapsed="0.210192"/>
</kw>
<kw name="Wait Until Page Contains" owner="SeleniumLibrary">
<arg>Admin Dashboard</arg>
<arg>timeout=20s</arg>
<doc>Waits until ``text`` appears on the current page.</doc>
<status status="PASS" start="2026-01-23T14:36:05.053482" elapsed="0.214263"/>
</kw>
<doc>Logs into the admin panel and handles pop-ups.</doc>
<status status="PASS" start="2026-01-23T14:35:51.286363" elapsed="13.981653"/>
</kw>
<test id="s1-s1-s1-t1" name="TC-01: Verify Successful Login and Dashboard Header" line="10">
<kw name="Element Text Should Be" owner="SeleniumLibrary">
<msg time="2026-01-23T14:36:05.271161" level="INFO">Verifying element 'css:h5.ps-3' contains exact text 'Admin Dashboard'.</msg>
<arg>css:h5.ps-3</arg>
<arg>Admin Dashboard</arg>
<doc>Verifies that element ``locator`` contains exact the text ``expected``.</doc>
<status status="PASS" start="2026-01-23T14:36:05.270573" elapsed="0.427684"/>
</kw>
<kw name="Run Keyword If Test Failed" owner="BuiltIn" type="TEARDOWN">
<arg>Capture Page Screenshot</arg>
<doc>Runs the given keyword with the given arguments, if the test failed.</doc>
<status status="PASS" start="2026-01-23T14:36:05.698655" elapsed="0.000474"/>
</kw>
<doc>Verify the user has landed on the Dashboard.</doc>
<status status="PASS" start="2026-01-23T14:36:05.268164" elapsed="0.431107"/>
</test>
<test id="s1-s1-s1-t2" name="TC-02: Verify KPI Stats Presence" line="14">
<kw name="Page Should Contain" owner="SeleniumLibrary">
<msg time="2026-01-23T14:36:06.120923" level="INFO">Current page contains text 'Total Active Devices'.</msg>
<arg>Total Active Devices</arg>
<doc>Verifies that current page contains ``text``.</doc>
<status status="PASS" start="2026-01-23T14:36:05.703577" elapsed="0.417808"/>
</kw>
<kw name="Page Should Contain" owner="SeleniumLibrary">
<msg time="2026-01-23T14:36:06.558606" level="INFO">Current page contains text 'Active Agents'.</msg>
<arg>Active Agents</arg>
<doc>Verifies that current page contains ``text``.</doc>
<status status="PASS" start="2026-01-23T14:36:06.121758" elapsed="0.437130"/>
</kw>
<kw name="Run Keyword If Test Failed" owner="BuiltIn" type="TEARDOWN">
<arg>Capture Page Screenshot</arg>
<doc>Runs the given keyword with the given arguments, if the test failed.</doc>
<status status="PASS" start="2026-01-23T14:36:06.559224" elapsed="0.000588"/>
</kw>
<doc>Verify that the data panels are rendered.</doc>
<status status="PASS" start="2026-01-23T14:36:05.701287" elapsed="0.858684"/>
</test>
<kw name="Safe Close Browser" owner="resource" type="TEARDOWN">
<kw name="Delete All Cookies" owner="SeleniumLibrary">
<doc>Deletes all cookies.</doc>
<status status="PASS" start="2026-01-23T14:36:06.562668" elapsed="0.211699"/>
</kw>
<kw name="Close Browser" owner="SeleniumLibrary">
<doc>Closes the current browser.</doc>
<status status="PASS" start="2026-01-23T14:36:06.774719" elapsed="2.360854"/>
</kw>
<doc>Closes the browser while trying to prevent the ProactorBasePipeTransport error.</doc>
<status status="PASS" start="2026-01-23T14:36:06.562218" elapsed="2.573560"/>
</kw>
<status status="PASS" start="2026-01-23T14:35:51.084714" elapsed="18.051169"/>
</suite>
<status status="PASS" start="2026-01-23T14:35:51.081803" elapsed="18.056029"/>
</suite>
<status status="PASS" start="2026-01-23T14:35:51.040269" elapsed="18.099429"/>
</suite>
<statistics>
<total>
<stat pass="2" fail="0" skip="0">All Tests</stat>
</total>
<tag>
</tag>
<suite>
<stat name="RobotFrameworks" id="s1" pass="2" fail="0" skip="0">RobotFrameworks</stat>
<stat name="Automation Admin" id="s1-s1" pass="2" fail="0" skip="0">RobotFrameworks.Automation Admin</stat>
<stat name="AdminDashboard" id="s1-s1-s1" pass="2" fail="0" skip="0">RobotFrameworks.Automation Admin.AdminDashboard</stat>
</suite>
</statistics>
<errors>
</errors>
</robot>
